<?xml version="1.0" encoding="UTF-8"?>
<testng-results skipped="0" failed="0" ignored="0" total="1" passed="1">
  <reporter-output>
  </reporter-output>
  <suite name="Default suite" duration-ms="6805" started-at="2017-06-08T18:34:18Z" finished-at="2017-06-08T18:34:25Z">
    <groups>
    </groups>
    <test name="Default test" duration-ms="6805" started-at="2017-06-08T18:34:18Z" finished-at="2017-06-08T18:34:25Z">
      <class name="test.TestLoginWithPF">
        <test-method status="PASS" signature="setup()[pri:0, instance:test.TestLoginWithPF@1d057a39]" name="setup" is-config="true" duration-ms="5844" started-at="2017-06-08T14:34:18Z" finished-at="2017-06-08T14:34:24Z">
          <reporter-output>
          </reporter-output>
        </test-method> <!-- setup -->
        <test-method status="PASS" signature="test_Home_Page_Appear_Correct()[pri:0, instance:test.TestLoginWithPF@1d057a39]" name="test_Home_Page_Appear_Correct" duration-ms="951" started-at="2017-06-08T14:34:24Z" finished-at="2017-06-08T14:34:25Z">
          <reporter-output>
          </reporter-output>
        </test-method> <!-- test_Home_Page_Appear_Correct -->
      </class> <!-- test.TestLoginWithPF -->
    </test> <!-- Default test -->
  </suite> <!-- Default suite -->
</testng-results>
